This file contains any messages produced by compilers while
running configure, to aid debugging if configure makes a mistake.

It was created by configure, which was
generated by GNU Autoconf 2.61.  Invocation command line was

  $ ./configure --host=arm-unknown-nto-qnx6.5.0eabi --disable-jack-support --disable-pulse-support --disable-alsa-support --disable-oss-support --disable-lash

## --------- ##
## Platform. ##
## --------- ##

hostname = cow
uname -m = x86_64
uname -r = 3.5.2-1-ARCH
uname -s = Linux
uname -v = #1 SMP PREEMPT Wed Aug 15 18:54:33 CEST 2012

/usr/bin/uname -p = unknown
/bin/uname -X     = unknown

/bin/arch              = unknown
/usr/bin/arch -k       = unknown
/usr/convex/getsysinfo = unknown
/usr/bin/hostinfo      = unknown
/bin/machine           = unknown
/usr/bin/oslevel       = unknown
/bin/universe          = unknown

PATH: /hddhome/joshua/bbndk-2.0.1/host/linux/x86/usr/bin
PATH: /home/joshua/.rim/bbndk/bin
PATH: /hddhome/joshua/bbndk-2.0.1/host/linux/x86/usr/qde/eclipse/jre/bin
PATH: /usr/local/Trolltech/QtLighthouse-4.8.2-arm/bin/
PATH: /usr/local/bin
PATH: /usr/bin
PATH: /bin
PATH: /usr/local/sbin
PATH: /usr/sbin
PATH: /sbin
PATH: /opt/kde/bin
PATH: /usr/bin/vendor_perl
PATH: /usr/bin/core_perl
PATH: /opt/qt/bin
PATH: /home/joshua/Dropbox/Etc/Configuration


## ----------- ##
## Core tests. ##
## ----------- ##

configure:2066: checking for a BSD-compatible install
configure:2122: result: /usr/bin/install -c
configure:2133: checking whether build environment is sane
configure:2176: result: yes
configure:2204: checking for a thread-safe mkdir -p
configure:2243: result: /bin/mkdir -p
configure:2256: checking for gawk
configure:2272: found /usr/bin/gawk
configure:2283: result: gawk
configure:2294: checking whether make sets $(MAKE)
configure:2315: result: yes
configure:2395: checking for arm-unknown-nto-qnx6.5.0eabi-strip
configure:2411: found /hddhome/joshua/bbndk-2.0.1/host/linux/x86/usr/bin/arm-unknown-nto-qnx6.5.0eabi-strip
configure:2422: result: arm-unknown-nto-qnx6.5.0eabi-strip
configure:2528: checking for arm-unknown-nto-qnx6.5.0eabi-gcc
configure:2544: found /hddhome/joshua/bbndk-2.0.1/host/linux/x86/usr/bin/arm-unknown-nto-qnx6.5.0eabi-gcc
configure:2555: result: arm-unknown-nto-qnx6.5.0eabi-gcc
configure:2833: checking for C compiler version
configure:2840: arm-unknown-nto-qnx6.5.0eabi-gcc --version >&5
arm-unknown-nto-qnx6.5.0eabi-gcc (GCC) 4.4.2
Copyright (C) 2009 Free Software Foundation, Inc.
This is free software; see the source for copying conditions.  There is NO
warranty; not even for MERCHANTABILITY or FITNESS FOR A PARTICULAR PURPOSE.

configure:2843: $? = 0
configure:2850: arm-unknown-nto-qnx6.5.0eabi-gcc -v >&5
Using built-in specs.
Target: arm-unknown-nto-qnx6.5.0eabi
Configured with: ../configure --srcdir=.. --build=i686-pc-linux-gnu --enable-cheaders=c --with-as=ntoarm-as --with-ld=ntoarm-ld --with-sysroot=/opt/qnx650/target/qnx6/ --disable-werror --libdir=/opt/qnx650/host/linux/x86/usr/lib --libexecdir=/opt/qnx650/host/linux/x86/usr/lib --target=arm-unknown-nto-qnx6.5.0eabi --prefix=/opt/qnx650/host/linux/x86/usr --exec-prefix=/opt/qnx650/host/linux/x86/usr --with-local-prefix=/opt/qnx650/host/linux/x86/usr --enable-languages=c++ --enable-threads=posix --disable-nls --disable-libssp --disable-tls --disable-libstdcxx-pch --enable-libmudflap --enable-__cxa_atexit --with-gxx-include-dir=/opt/qnx650/target/qnx6/usr/include/c++/4.4.2 --enable-multilib --with-bugurl=http://www.qnx.com --enable-shared CC=i686-unknown-linux-gnu-gcc LDFLAGS='-Wl,-s ' AUTOMAKE=: AUTOCONF=: AUTOHEADER=: AUTORECONF=: ACLOCAL=:
Thread model: posix
gcc version 4.4.2 (GCC) 
configure:2853: $? = 0
configure:2860: arm-unknown-nto-qnx6.5.0eabi-gcc -V >&5
arm-unknown-nto-qnx6.5.0eabi-gcc: '-V' option must have argument
configure:2863: $? = 1
configure:2886: checking for C compiler default output file name
configure:2913: arm-unknown-nto-qnx6.5.0eabi-gcc  -Wall   conftest.c  >&5
configure:2916: $? = 0
configure:2954: result: a.out
configure:2971: checking whether the C compiler works
configure:2981: ./a.out
./configure: line 2982: ./a.out: cannot execute binary file
configure:2984: $? = 126
configure:3001: result: yes
configure:3008: checking whether we are cross compiling
configure:3010: result: yes
configure:3013: checking for suffix of executables
configure:3020: arm-unknown-nto-qnx6.5.0eabi-gcc -o conftest  -Wall   conftest.c  >&5
configure:3023: $? = 0
configure:3047: result: 
configure:3053: checking for suffix of object files
configure:3079: arm-unknown-nto-qnx6.5.0eabi-gcc -c  -Wall  conftest.c >&5
configure:3082: $? = 0
configure:3105: result: o
configure:3109: checking whether we are using the GNU C compiler
configure:3138: arm-unknown-nto-qnx6.5.0eabi-gcc -c  -Wall  conftest.c >&5
configure:3144: $? = 0
configure:3161: result: yes
configure:3166: checking whether arm-unknown-nto-qnx6.5.0eabi-gcc accepts -g
configure:3196: arm-unknown-nto-qnx6.5.0eabi-gcc -c -g  conftest.c >&5
configure:3202: $? = 0
configure:3301: result: yes
configure:3318: checking for arm-unknown-nto-qnx6.5.0eabi-gcc option to accept ISO C89
configure:3392: arm-unknown-nto-qnx6.5.0eabi-gcc  -c  -Wall  conftest.c >&5
configure:3398: $? = 0
configure:3421: result: none needed
configure:3450: checking for style of include used by make
configure:3478: result: GNU
configure:3503: checking dependency style of arm-unknown-nto-qnx6.5.0eabi-gcc
configure:3594: result: gcc3
configure:3610: checking whether arm-unknown-nto-qnx6.5.0eabi-gcc and cc understand -c and -o together
configure:3645: arm-unknown-nto-qnx6.5.0eabi-gcc -c conftest.c -o conftest2.o >&5
configure:3648: $? = 0
configure:3654: arm-unknown-nto-qnx6.5.0eabi-gcc -c conftest.c -o conftest2.o >&5
configure:3657: $? = 0
configure:3668: cc -c conftest.c >&5
configure:3671: $? = 0
configure:3679: cc -c conftest.c -o conftest2.o >&5
configure:3682: $? = 0
configure:3688: cc -c conftest.c -o conftest2.o >&5
configure:3691: $? = 0
configure:3709: result: yes
configure:3748: checking for a BSD-compatible install
configure:3804: result: /usr/bin/install -c
configure:3821: checking build system type
configure:3839: result: x86_64-unknown-linux-gnu
configure:3861: checking host system type
configure:3876: result: arm-unknown-nto-qnx6.5.0eabi
configure:4238: checking for a sed that does not truncate output
configure:4317: result: /bin/sed
configure:4335: checking for grep that handles long lines and -e
configure:4409: result: /usr/bin/grep
configure:4414: checking for egrep
configure:4492: result: /usr/bin/grep -E
configure:4497: checking for fgrep
configure:4575: result: /usr/bin/grep -F
configure:4610: checking for ld used by arm-unknown-nto-qnx6.5.0eabi-gcc
configure:4677: result: /hddhome/joshua/bbndk-2.0.1/host/linux/x86/usr/bin/ntoarm-ld
configure:4686: checking if the linker (/hddhome/joshua/bbndk-2.0.1/host/linux/x86/usr/bin/ntoarm-ld) is GNU ld
configure:4701: result: yes
configure:4713: checking for BSD- or MS-compatible name lister (nm)
configure:4762: result: /hddhome/joshua/bbndk-2.0.1/host/linux/x86/usr/bin/arm-unknown-nto-qnx6.5.0eabi-nm -B
configure:4884: checking the name lister (/hddhome/joshua/bbndk-2.0.1/host/linux/x86/usr/bin/arm-unknown-nto-qnx6.5.0eabi-nm -B) interface
configure:4891: arm-unknown-nto-qnx6.5.0eabi-gcc -c  -Wall  conftest.c >&5
configure:4894: /hddhome/joshua/bbndk-2.0.1/host/linux/x86/usr/bin/arm-unknown-nto-qnx6.5.0eabi-nm -B "conftest.o"
configure:4897: output
00000000 B some_variable
configure:4904: result: BSD nm
configure:4907: checking whether ln -s works
configure:4911: result: yes
configure:4919: checking the maximum length of command line arguments
configure:5039: result: 1572864
configure:5056: checking whether the shell understands some XSI constructs
configure:5066: result: yes
configure:5070: checking whether the shell understands "+="
configure:5076: result: yes
configure:5111: checking for /hddhome/joshua/bbndk-2.0.1/host/linux/x86/usr/bin/ntoarm-ld option to reload object files
configure:5118: result: -r
configure:5145: checking how to recognize dependent libraries
configure:5335: result: pass_all
configure:5355: checking for arm-unknown-nto-qnx6.5.0eabi-ar
configure:5371: found /hddhome/joshua/bbndk-2.0.1/host/linux/x86/usr/bin/arm-unknown-nto-qnx6.5.0eabi-ar
configure:5382: result: arm-unknown-nto-qnx6.5.0eabi-ar
configure:5464: checking for arm-unknown-nto-qnx6.5.0eabi-strip
configure:5491: result: arm-unknown-nto-qnx6.5.0eabi-strip
configure:5567: checking for arm-unknown-nto-qnx6.5.0eabi-ranlib
configure:5583: found /hddhome/joshua/bbndk-2.0.1/host/linux/x86/usr/bin/arm-unknown-nto-qnx6.5.0eabi-ranlib
configure:5594: result: arm-unknown-nto-qnx6.5.0eabi-ranlib
configure:5728: checking command to parse /hddhome/joshua/bbndk-2.0.1/host/linux/x86/usr/bin/arm-unknown-nto-qnx6.5.0eabi-nm -B output from arm-unknown-nto-qnx6.5.0eabi-gcc object
configure:5846: arm-unknown-nto-qnx6.5.0eabi-gcc -c  -Wall  conftest.c >&5
configure:5849: $? = 0
configure:5853: /hddhome/joshua/bbndk-2.0.1/host/linux/x86/usr/bin/arm-unknown-nto-qnx6.5.0eabi-nm -B conftest.o \| sed -n -e 's/^.*[	 ]\([ABCDGIRSTW][ABCDGIRSTW]*\)[	 ][	 ]*\([_A-Za-z][_A-Za-z0-9]*\)$/\1 \2 \2/p' \> conftest.nm
configure:5856: $? = 0
configure:5910: arm-unknown-nto-qnx6.5.0eabi-gcc -o conftest  -Wall   conftest.c conftstm.o >&5
configure:5913: $? = 0
configure:5951: result: ok
configure:6830: checking how to run the C preprocessor
configure:6870: arm-unknown-nto-qnx6.5.0eabi-gcc -E  conftest.c
configure:6876: $? = 0
configure:6907: arm-unknown-nto-qnx6.5.0eabi-gcc -E  conftest.c
conftest.c:10:28: error: ac_nonexistent.h: No such file or directory
configure:6913: $? = 1
configure: failed program was:
| /* confdefs.h.  */
| #define PACKAGE_NAME ""
| #define PACKAGE_TARNAME ""
| #define PACKAGE_VERSION ""
| #define PACKAGE_STRING ""
| #define PACKAGE_BUGREPORT ""
| #define PACKAGE "fluidsynth"
| #define VERSION "1.0.9"
| /* end confdefs.h.  */
| #include <ac_nonexistent.h>
configure:6946: result: arm-unknown-nto-qnx6.5.0eabi-gcc -E
configure:6975: arm-unknown-nto-qnx6.5.0eabi-gcc -E  conftest.c
configure:6981: $? = 0
configure:7012: arm-unknown-nto-qnx6.5.0eabi-gcc -E  conftest.c
conftest.c:10:28: error: ac_nonexistent.h: No such file or directory
configure:7018: $? = 1
configure: failed program was:
| /* confdefs.h.  */
| #define PACKAGE_NAME ""
| #define PACKAGE_TARNAME ""
| #define PACKAGE_VERSION ""
| #define PACKAGE_STRING ""
| #define PACKAGE_BUGREPORT ""
| #define PACKAGE "fluidsynth"
| #define VERSION "1.0.9"
| /* end confdefs.h.  */
| #include <ac_nonexistent.h>
configure:7056: checking for ANSI C header files
configure:7086: arm-unknown-nto-qnx6.5.0eabi-gcc -c  -Wall  conftest.c >&5
configure:7092: $? = 0
configure:7220: result: yes
configure:7244: checking for sys/types.h
configure:7265: arm-unknown-nto-qnx6.5.0eabi-gcc -c  -Wall  conftest.c >&5
configure:7271: $? = 0
configure:7287: result: yes
configure:7244: checking for sys/stat.h
configure:7265: arm-unknown-nto-qnx6.5.0eabi-gcc -c  -Wall  conftest.c >&5
configure:7271: $? = 0
configure:7287: result: yes
configure:7244: checking for stdlib.h
configure:7265: arm-unknown-nto-qnx6.5.0eabi-gcc -c  -Wall  conftest.c >&5
configure:7271: $? = 0
configure:7287: result: yes
configure:7244: checking for string.h
configure:7265: arm-unknown-nto-qnx6.5.0eabi-gcc -c  -Wall  conftest.c >&5
configure:7271: $? = 0
configure:7287: result: yes
configure:7244: checking for memory.h
configure:7265: arm-unknown-nto-qnx6.5.0eabi-gcc -c  -Wall  conftest.c >&5
configure:7271: $? = 0
configure:7287: result: yes
configure:7244: checking for strings.h
configure:7265: arm-unknown-nto-qnx6.5.0eabi-gcc -c  -Wall  conftest.c >&5
configure:7271: $? = 0
configure:7287: result: yes
configure:7244: checking for inttypes.h
configure:7265: arm-unknown-nto-qnx6.5.0eabi-gcc -c  -Wall  conftest.c >&5
configure:7271: $? = 0
configure:7287: result: yes
configure:7244: checking for stdint.h
configure:7265: arm-unknown-nto-qnx6.5.0eabi-gcc -c  -Wall  conftest.c >&5
configure:7271: $? = 0
configure:7287: result: yes
configure:7244: checking for unistd.h
configure:7265: arm-unknown-nto-qnx6.5.0eabi-gcc -c  -Wall  conftest.c >&5
configure:7271: $? = 0
configure:7287: result: yes
configure:7303: checking for dlfcn.h
configure:7324: arm-unknown-nto-qnx6.5.0eabi-gcc -c  -Wall  conftest.c >&5
configure:7330: $? = 0
configure:7346: result: yes
configure:7528: checking for objdir
configure:7543: result: .libs
configure:7839: checking if arm-unknown-nto-qnx6.5.0eabi-gcc supports -fno-rtti -fno-exceptions
configure:7857: arm-unknown-nto-qnx6.5.0eabi-gcc -c  -Wall  -fno-rtti -fno-exceptions conftest.c >&5
cc1: warning: command line option "-fno-rtti" is valid for C++/ObjC++ but not for C
configure:7861: $? = 0
configure:7874: result: no
configure:7894: checking for arm-unknown-nto-qnx6.5.0eabi-gcc option to produce PIC
configure:8151: result: -fPIC -shared -DPIC
configure:8163: checking if arm-unknown-nto-qnx6.5.0eabi-gcc PIC flag -fPIC -shared -DPIC works
configure:8181: arm-unknown-nto-qnx6.5.0eabi-gcc -c  -Wall  -fPIC -shared -DPIC -DPIC conftest.c >&5
configure:8185: $? = 0
configure:8198: result: yes
configure:8222: checking if arm-unknown-nto-qnx6.5.0eabi-gcc static flag -static works
configure:8250: result: yes
configure:8265: checking if arm-unknown-nto-qnx6.5.0eabi-gcc supports -c -o file.o
configure:8286: arm-unknown-nto-qnx6.5.0eabi-gcc -c  -Wall  -o out/conftest2.o conftest.c >&5
configure:8290: $? = 0
configure:8312: result: yes
configure:8320: checking if arm-unknown-nto-qnx6.5.0eabi-gcc supports -c -o file.o
configure:8367: result: yes
configure:8400: checking whether the arm-unknown-nto-qnx6.5.0eabi-gcc linker (/hddhome/joshua/bbndk-2.0.1/host/linux/x86/usr/bin/ntoarm-ld) supports shared libraries
configure:9455: result: yes
configure:9492: checking whether -lc should be explicitly linked in
configure:9497: arm-unknown-nto-qnx6.5.0eabi-gcc -c  -Wall  conftest.c >&5
configure:9500: $? = 0
configure:9515: arm-unknown-nto-qnx6.5.0eabi-gcc -shared conftest.o  -v -Wl,-soname -Wl,conftest -o conftest 2\>\&1 \| /usr/bin/grep  -lc  \>/dev/null 2\>\&1
configure:9518: $? = 0
configure:9530: result: no
configure:9694: checking dynamic linker characteristics
configure:10385: result: ldqnx.so
configure:10487: checking how to hardcode library paths into programs
configure:10512: result: immediate
configure:11325: checking whether stripping libraries is possible
configure:11330: result: yes
configure:11365: checking if libtool supports shared libraries
configure:11367: result: yes
configure:11370: checking whether to build shared libraries
configure:11391: result: yes
configure:11394: checking whether to build static libraries
configure:11398: result: yes
configure:11433: checking whether make sets $(MAKE)
configure:11454: result: yes
configure:11465: checking for pthread_create in -lpthread
configure:11500: arm-unknown-nto-qnx6.5.0eabi-gcc -o conftest  -Wall   conftest.c -lpthread   >&5
/hddhome/joshua/bbndk-2.0.1/host/linux/x86/usr/bin/ntoarm-ld: cannot find -lpthread
collect2: ld returned 1 exit status
configure:11506: $? = 1
configure: failed program was:
| /* confdefs.h.  */
| #define PACKAGE_NAME ""
| #define PACKAGE_TARNAME ""
| #define PACKAGE_VERSION ""
| #define PACKAGE_STRING ""
| #define PACKAGE_BUGREPORT ""
| #define PACKAGE "fluidsynth"
| #define VERSION "1.0.9"
| #define STDC_HEADERS 1
| #define HAVE_SYS_TYPES_H 1
| #define HAVE_SYS_STAT_H 1
| #define HAVE_STDLIB_H 1
| #define HAVE_STRING_H 1
| #define HAVE_MEMORY_H 1
| #define HAVE_STRINGS_H 1
| #define HAVE_INTTYPES_H 1
| #define HAVE_STDINT_H 1
| #define HAVE_UNISTD_H 1
| #define HAVE_DLFCN_H 1
| #define LT_OBJDIR ".libs/"
| /* end confdefs.h.  */
| 
| /* Override any GCC internal prototype to avoid an error.
|    Use char because int might match the return type of a GCC
|    builtin and then its argument prototype would still apply.  */
| #ifdef __cplusplus
| extern "C"
| #endif
| char pthread_create ();
| int
| main ()
| {
| return pthread_create ();
|   ;
|   return 0;
| }
configure:11524: result: no
configure:11536: checking for ANSI C header files
configure:11700: result: yes
configure:11734: checking for string.h
configure:11740: result: yes
configure:11734: checking for stdlib.h
configure:11740: result: yes
configure:11744: checking stdio.h usability
configure:11761: arm-unknown-nto-qnx6.5.0eabi-gcc -c  -Wall  conftest.c >&5
configure:11767: $? = 0
configure:11781: result: yes
configure:11785: checking stdio.h presence
configure:11800: arm-unknown-nto-qnx6.5.0eabi-gcc -E  conftest.c
configure:11806: $? = 0
configure:11820: result: yes
configure:11848: checking for stdio.h
configure:11856: result: yes
configure:11744: checking math.h usability
configure:11761: arm-unknown-nto-qnx6.5.0eabi-gcc -c  -Wall  conftest.c >&5
configure:11767: $? = 0
configure:11781: result: yes
configure:11785: checking math.h presence
configure:11800: arm-unknown-nto-qnx6.5.0eabi-gcc -E  conftest.c
configure:11806: $? = 0
configure:11820: result: yes
configure:11848: checking for math.h
configure:11856: result: yes
configure:11744: checking errno.h usability
configure:11761: arm-unknown-nto-qnx6.5.0eabi-gcc -c  -Wall  conftest.c >&5
configure:11767: $? = 0
configure:11781: result: yes
configure:11785: checking errno.h presence
configure:11800: arm-unknown-nto-qnx6.5.0eabi-gcc -E  conftest.c
configure:11806: $? = 0
configure:11820: result: yes
configure:11848: checking for errno.h
configure:11856: result: yes
configure:11744: checking stdarg.h usability
configure:11761: arm-unknown-nto-qnx6.5.0eabi-gcc -c  -Wall  conftest.c >&5
configure:11767: $? = 0
configure:11781: result: yes
configure:11785: checking stdarg.h presence
configure:11800: arm-unknown-nto-qnx6.5.0eabi-gcc -E  conftest.c
configure:11806: $? = 0
configure:11820: result: yes
configure:11848: checking for stdarg.h
configure:11856: result: yes
configure:11734: checking for unistd.h
configure:11740: result: yes
configure:11744: checking sys/mman.h usability
configure:11761: arm-unknown-nto-qnx6.5.0eabi-gcc -c  -Wall  conftest.c >&5
configure:11767: $? = 0
configure:11781: result: yes
configure:11785: checking sys/mman.h presence
configure:11800: arm-unknown-nto-qnx6.5.0eabi-gcc -E  conftest.c
configure:11806: $? = 0
configure:11820: result: yes
configure:11848: checking for sys/mman.h
configure:11856: result: yes
configure:11734: checking for sys/types.h
configure:11740: result: yes
configure:11744: checking sys/time.h usability
configure:11761: arm-unknown-nto-qnx6.5.0eabi-gcc -c  -Wall  conftest.c >&5
configure:11767: $? = 0
configure:11781: result: yes
configure:11785: checking sys/time.h presence
configure:11800: arm-unknown-nto-qnx6.5.0eabi-gcc -E  conftest.c
configure:11806: $? = 0
configure:11820: result: yes
configure:11848: checking for sys/time.h
configure:11856: result: yes
configure:11734: checking for sys/stat.h
configure:11740: result: yes
configure:11744: checking fcntl.h usability
configure:11761: arm-unknown-nto-qnx6.5.0eabi-gcc -c  -Wall  conftest.c >&5
configure:11767: $? = 0
configure:11781: result: yes
configure:11785: checking fcntl.h presence
configure:11800: arm-unknown-nto-qnx6.5.0eabi-gcc -E  conftest.c
configure:11806: $? = 0
configure:11820: result: yes
configure:11848: checking for fcntl.h
configure:11856: result: yes
configure:11744: checking sys/socket.h usability
configure:11761: arm-unknown-nto-qnx6.5.0eabi-gcc -c  -Wall  conftest.c >&5
configure:11767: $? = 0
configure:11781: result: yes
configure:11785: checking sys/socket.h presence
configure:11800: arm-unknown-nto-qnx6.5.0eabi-gcc -E  conftest.c
configure:11806: $? = 0
configure:11820: result: yes
configure:11848: checking for sys/socket.h
configure:11856: result: yes
configure:11744: checking netinet/in.h usability
configure:11761: arm-unknown-nto-qnx6.5.0eabi-gcc -c  -Wall  conftest.c >&5
configure:11767: $? = 0
configure:11781: result: yes
configure:11785: checking netinet/in.h presence
configure:11800: arm-unknown-nto-qnx6.5.0eabi-gcc -E  conftest.c
configure:11806: $? = 0
configure:11820: result: yes
configure:11848: checking for netinet/in.h
configure:11856: result: yes
configure:11744: checking netinet/tcp.h usability
configure:11761: arm-unknown-nto-qnx6.5.0eabi-gcc -c  -Wall  conftest.c >&5
configure:11767: $? = 0
configure:11781: result: yes
configure:11785: checking netinet/tcp.h presence
configure:11800: arm-unknown-nto-qnx6.5.0eabi-gcc -E  conftest.c
configure:11806: $? = 0
configure:11820: result: yes
configure:11848: checking for netinet/tcp.h
configure:11856: result: yes
configure:11744: checking arpa/inet.h usability
configure:11761: arm-unknown-nto-qnx6.5.0eabi-gcc -c  -Wall  conftest.c >&5
configure:11767: $? = 0
configure:11781: result: yes
configure:11785: checking arpa/inet.h presence
configure:11800: arm-unknown-nto-qnx6.5.0eabi-gcc -E  conftest.c
configure:11806: $? = 0
configure:11820: result: yes
configure:11848: checking for arpa/inet.h
configure:11856: result: yes
configure:11744: checking limits.h usability
configure:11761: arm-unknown-nto-qnx6.5.0eabi-gcc -c  -Wall  conftest.c >&5
configure:11767: $? = 0
configure:11781: result: yes
configure:11785: checking limits.h presence
configure:11800: arm-unknown-nto-qnx6.5.0eabi-gcc -E  conftest.c
configure:11806: $? = 0
configure:11820: result: yes
configure:11848: checking for limits.h
configure:11856: result: yes
configure:11744: checking pthread.h usability
configure:11761: arm-unknown-nto-qnx6.5.0eabi-gcc -c  -Wall  conftest.c >&5
configure:11767: $? = 0
configure:11781: result: yes
configure:11785: checking pthread.h presence
configure:11800: arm-unknown-nto-qnx6.5.0eabi-gcc -E  conftest.c
configure:11806: $? = 0
configure:11820: result: yes
configure:11848: checking for pthread.h
configure:11856: result: yes
configure:11744: checking signal.h usability
configure:11761: arm-unknown-nto-qnx6.5.0eabi-gcc -c  -Wall  conftest.c >&5
configure:11767: $? = 0
configure:11781: result: yes
configure:11785: checking signal.h presence
configure:11800: arm-unknown-nto-qnx6.5.0eabi-gcc -E  conftest.c
configure:11806: $? = 0
configure:11820: result: yes
configure:11848: checking for signal.h
configure:11856: result: yes
configure:11744: checking windows.h usability
configure:11761: arm-unknown-nto-qnx6.5.0eabi-gcc -c  -Wall  conftest.c >&5
conftest.c:75:21: error: windows.h: No such file or directory
configure:11767: $? = 1
configure: failed program was:
| /* confdefs.h.  */
| #define PACKAGE_NAME ""
| #define PACKAGE_TARNAME ""
| #define PACKAGE_VERSION ""
| #define PACKAGE_STRING ""
| #define PACKAGE_BUGREPORT ""
| #define PACKAGE "fluidsynth"
| #define VERSION "1.0.9"
| #define STDC_HEADERS 1
| #define HAVE_SYS_TYPES_H 1
| #define HAVE_SYS_STAT_H 1
| #define HAVE_STDLIB_H 1
| #define HAVE_STRING_H 1
| #define HAVE_MEMORY_H 1
| #define HAVE_STRINGS_H 1
| #define HAVE_INTTYPES_H 1
| #define HAVE_STDINT_H 1
| #define HAVE_UNISTD_H 1
| #define HAVE_DLFCN_H 1
| #define LT_OBJDIR ".libs/"
| #define STDC_HEADERS 1
| #define HAVE_STRING_H 1
| #define HAVE_STDLIB_H 1
| #define HAVE_STDIO_H 1
| #define HAVE_MATH_H 1
| #define HAVE_ERRNO_H 1
| #define HAVE_STDARG_H 1
| #define HAVE_UNISTD_H 1
| #define HAVE_SYS_MMAN_H 1
| #define HAVE_SYS_TYPES_H 1
| #define HAVE_SYS_TIME_H 1
| #define HAVE_SYS_STAT_H 1
| #define HAVE_FCNTL_H 1
| #define HAVE_SYS_SOCKET_H 1
| #define HAVE_NETINET_IN_H 1
| #define HAVE_NETINET_TCP_H 1
| #define HAVE_ARPA_INET_H 1
| #define HAVE_LIMITS_H 1
| #define HAVE_PTHREAD_H 1
| #define HAVE_SIGNAL_H 1
| /* end confdefs.h.  */
| #include <stdio.h>
| #ifdef HAVE_SYS_TYPES_H
| # include <sys/types.h>
| #endif
| #ifdef HAVE_SYS_STAT_H
| # include <sys/stat.h>
| #endif
| #ifdef STDC_HEADERS
| # include <stdlib.h>
| # include <stddef.h>
| #else
| # ifdef HAVE_STDLIB_H
| #  include <stdlib.h>
| # endif
| #endif
| #ifdef HAVE_STRING_H
| # if !defined STDC_HEADERS && defined HAVE_MEMORY_H
| #  include <memory.h>
| # endif
| # include <string.h>
| #endif
| #ifdef HAVE_STRINGS_H
| # include <strings.h>
| #endif
| #ifdef HAVE_INTTYPES_H
| # include <inttypes.h>
| #endif
| #ifdef HAVE_STDINT_H
| # include <stdint.h>
| #endif
| #ifdef HAVE_UNISTD_H
| # include <unistd.h>
| #endif
| #include <windows.h>
configure:11781: result: no
configure:11785: checking windows.h presence
configure:11800: arm-unknown-nto-qnx6.5.0eabi-gcc -E  conftest.c
conftest.c:42:21: error: windows.h: No such file or directory
configure:11806: $? = 1
configure: failed program was:
| /* confdefs.h.  */
| #define PACKAGE_NAME ""
| #define PACKAGE_TARNAME ""
| #define PACKAGE_VERSION ""
| #define PACKAGE_STRING ""
| #define PACKAGE_BUGREPORT ""
| #define PACKAGE "fluidsynth"
| #define VERSION "1.0.9"
| #define STDC_HEADERS 1
| #define HAVE_SYS_TYPES_H 1
| #define HAVE_SYS_STAT_H 1
| #define HAVE_STDLIB_H 1
| #define HAVE_STRING_H 1
| #define HAVE_MEMORY_H 1
| #define HAVE_STRINGS_H 1
| #define HAVE_INTTYPES_H 1
| #define HAVE_STDINT_H 1
| #define HAVE_UNISTD_H 1
| #define HAVE_DLFCN_H 1
| #define LT_OBJDIR ".libs/"
| #define STDC_HEADERS 1
| #define HAVE_STRING_H 1
| #define HAVE_STDLIB_H 1
| #define HAVE_STDIO_H 1
| #define HAVE_MATH_H 1
| #define HAVE_ERRNO_H 1
| #define HAVE_STDARG_H 1
| #define HAVE_UNISTD_H 1
| #define HAVE_SYS_MMAN_H 1
| #define HAVE_SYS_TYPES_H 1
| #define HAVE_SYS_TIME_H 1
| #define HAVE_SYS_STAT_H 1
| #define HAVE_FCNTL_H 1
| #define HAVE_SYS_SOCKET_H 1
| #define HAVE_NETINET_IN_H 1
| #define HAVE_NETINET_TCP_H 1
| #define HAVE_ARPA_INET_H 1
| #define HAVE_LIMITS_H 1
| #define HAVE_PTHREAD_H 1
| #define HAVE_SIGNAL_H 1
| /* end confdefs.h.  */
| #include <windows.h>
configure:11820: result: no
configure:11848: checking for windows.h
configure:11856: result: no
configure:11870: checking for inline
configure:11896: arm-unknown-nto-qnx6.5.0eabi-gcc -c  -Wall  conftest.c >&5
configure:11902: $? = 0
configure:11920: result: inline
configure:11939: checking whether byte ordering is bigendian
configure:11972: arm-unknown-nto-qnx6.5.0eabi-gcc -c  -Wall  conftest.c >&5
configure:11978: $? = 0
configure:12010: arm-unknown-nto-qnx6.5.0eabi-gcc -c  -Wall  conftest.c >&5
conftest.c: In function 'main':
conftest.c:49: error: 'not' undeclared (first use in this function)
conftest.c:49: error: (Each undeclared identifier is reported only once
conftest.c:49: error: for each function it appears in.)
conftest.c:49: error: expected ';' before 'big'
configure:12016: $? = 1
configure: failed program was:
| /* confdefs.h.  */
| #define PACKAGE_NAME ""
| #define PACKAGE_TARNAME ""
| #define PACKAGE_VERSION ""
| #define PACKAGE_STRING ""
| #define PACKAGE_BUGREPORT ""
| #define PACKAGE "fluidsynth"
| #define VERSION "1.0.9"
| #define STDC_HEADERS 1
| #define HAVE_SYS_TYPES_H 1
| #define HAVE_SYS_STAT_H 1
| #define HAVE_STDLIB_H 1
| #define HAVE_STRING_H 1
| #define HAVE_MEMORY_H 1
| #define HAVE_STRINGS_H 1
| #define HAVE_INTTYPES_H 1
| #define HAVE_STDINT_H 1
| #define HAVE_UNISTD_H 1
| #define HAVE_DLFCN_H 1
| #define LT_OBJDIR ".libs/"
| #define STDC_HEADERS 1
| #define HAVE_STRING_H 1
| #define HAVE_STDLIB_H 1
| #define HAVE_STDIO_H 1
| #define HAVE_MATH_H 1
| #define HAVE_ERRNO_H 1
| #define HAVE_STDARG_H 1
| #define HAVE_UNISTD_H 1
| #define HAVE_SYS_MMAN_H 1
| #define HAVE_SYS_TYPES_H 1
| #define HAVE_SYS_TIME_H 1
| #define HAVE_SYS_STAT_H 1
| #define HAVE_FCNTL_H 1
| #define HAVE_SYS_SOCKET_H 1
| #define HAVE_NETINET_IN_H 1
| #define HAVE_NETINET_TCP_H 1
| #define HAVE_ARPA_INET_H 1
| #define HAVE_LIMITS_H 1
| #define HAVE_PTHREAD_H 1
| #define HAVE_SIGNAL_H 1
| /* end confdefs.h.  */
| #include <sys/types.h>
| #include <sys/param.h>
| 
| int
| main ()
| {
| #if BYTE_ORDER != BIG_ENDIAN
|  not big endian
| #endif
| 
|   ;
|   return 0;
| }
configure:12156: result: no
configure:12734: checking for PORTAUDIO
configure:13036: checking MidiShare.h usability
configure:13053: arm-unknown-nto-qnx6.5.0eabi-gcc -c  -Wall  -O2 -fomit-frame-pointer -funroll-all-loops -finline-functions -Wall -W -Wpointer-arith -Wbad-function-cast -Wcast-qual -Wcast-align -Wstrict-prototypes -Wno-unused -Winline  conftest.c >&5
conftest.c:77:23: error: MidiShare.h: No such file or directory
configure:13059: $? = 1
configure: failed program was:
| /* confdefs.h.  */
| #define PACKAGE_NAME ""
| #define PACKAGE_TARNAME ""
| #define PACKAGE_VERSION ""
| #define PACKAGE_STRING ""
| #define PACKAGE_BUGREPORT ""
| #define PACKAGE "fluidsynth"
| #define VERSION "1.0.9"
| #define STDC_HEADERS 1
| #define HAVE_SYS_TYPES_H 1
| #define HAVE_SYS_STAT_H 1
| #define HAVE_STDLIB_H 1
| #define HAVE_STRING_H 1
| #define HAVE_MEMORY_H 1
| #define HAVE_STRINGS_H 1
| #define HAVE_INTTYPES_H 1
| #define HAVE_STDINT_H 1
| #define HAVE_UNISTD_H 1
| #define HAVE_DLFCN_H 1
| #define LT_OBJDIR ".libs/"
| #define STDC_HEADERS 1
| #define HAVE_STRING_H 1
| #define HAVE_STDLIB_H 1
| #define HAVE_STDIO_H 1
| #define HAVE_MATH_H 1
| #define HAVE_ERRNO_H 1
| #define HAVE_STDARG_H 1
| #define HAVE_UNISTD_H 1
| #define HAVE_SYS_MMAN_H 1
| #define HAVE_SYS_TYPES_H 1
| #define HAVE_SYS_TIME_H 1
| #define HAVE_SYS_STAT_H 1
| #define HAVE_FCNTL_H 1
| #define HAVE_SYS_SOCKET_H 1
| #define HAVE_NETINET_IN_H 1
| #define HAVE_NETINET_TCP_H 1
| #define HAVE_ARPA_INET_H 1
| #define HAVE_LIMITS_H 1
| #define HAVE_PTHREAD_H 1
| #define HAVE_SIGNAL_H 1
| #define WITH_FLOAT 1
| #define DEBUG 0
| /* end confdefs.h.  */
| #include <stdio.h>
| #ifdef HAVE_SYS_TYPES_H
| # include <sys/types.h>
| #endif
| #ifdef HAVE_SYS_STAT_H
| # include <sys/stat.h>
| #endif
| #ifdef STDC_HEADERS
| # include <stdlib.h>
| # include <stddef.h>
| #else
| # ifdef HAVE_STDLIB_H
| #  include <stdlib.h>
| # endif
| #endif
| #ifdef HAVE_STRING_H
| # if !defined STDC_HEADERS && defined HAVE_MEMORY_H
| #  include <memory.h>
| # endif
| # include <string.h>
| #endif
| #ifdef HAVE_STRINGS_H
| # include <strings.h>
| #endif
| #ifdef HAVE_INTTYPES_H
| # include <inttypes.h>
| #endif
| #ifdef HAVE_STDINT_H
| # include <stdint.h>
| #endif
| #ifdef HAVE_UNISTD_H
| # include <unistd.h>
| #endif
| #include <MidiShare.h>
configure:13073: result: no
configure:13077: checking MidiShare.h presence
configure:13092: arm-unknown-nto-qnx6.5.0eabi-gcc -E  conftest.c
conftest.c:44:23: error: MidiShare.h: No such file or directory
configure:13098: $? = 1
configure: failed program was:
| /* confdefs.h.  */
| #define PACKAGE_NAME ""
| #define PACKAGE_TARNAME ""
| #define PACKAGE_VERSION ""
| #define PACKAGE_STRING ""
| #define PACKAGE_BUGREPORT ""
| #define PACKAGE "fluidsynth"
| #define VERSION "1.0.9"
| #define STDC_HEADERS 1
| #define HAVE_SYS_TYPES_H 1
| #define HAVE_SYS_STAT_H 1
| #define HAVE_STDLIB_H 1
| #define HAVE_STRING_H 1
| #define HAVE_MEMORY_H 1
| #define HAVE_STRINGS_H 1
| #define HAVE_INTTYPES_H 1
| #define HAVE_STDINT_H 1
| #define HAVE_UNISTD_H 1
| #define HAVE_DLFCN_H 1
| #define LT_OBJDIR ".libs/"
| #define STDC_HEADERS 1
| #define HAVE_STRING_H 1
| #define HAVE_STDLIB_H 1
| #define HAVE_STDIO_H 1
| #define HAVE_MATH_H 1
| #define HAVE_ERRNO_H 1
| #define HAVE_STDARG_H 1
| #define HAVE_UNISTD_H 1
| #define HAVE_SYS_MMAN_H 1
| #define HAVE_SYS_TYPES_H 1
| #define HAVE_SYS_TIME_H 1
| #define HAVE_SYS_STAT_H 1
| #define HAVE_FCNTL_H 1
| #define HAVE_SYS_SOCKET_H 1
| #define HAVE_NETINET_IN_H 1
| #define HAVE_NETINET_TCP_H 1
| #define HAVE_ARPA_INET_H 1
| #define HAVE_LIMITS_H 1
| #define HAVE_PTHREAD_H 1
| #define HAVE_SIGNAL_H 1
| #define WITH_FLOAT 1
| #define DEBUG 0
| /* end confdefs.h.  */
| #include <MidiShare.h>
configure:13112: result: no
configure:13140: checking for MidiShare.h
configure:13148: result: no
configure:13255: WARNING:  *** Could not find MidiShare.h, disabling MidiShare driver
configure:13373: checking CoreAudio/AudioHardware.h usability
configure:13390: arm-unknown-nto-qnx6.5.0eabi-gcc -c  -Wall  -O2 -fomit-frame-pointer -funroll-all-loops -finline-functions -Wall -W -Wpointer-arith -Wbad-function-cast -Wcast-qual -Wcast-align -Wstrict-prototypes -Wno-unused -Winline  conftest.c >&5
conftest.c:77:37: error: CoreAudio/AudioHardware.h: No such file or directory
configure:13396: $? = 1
configure: failed program was:
| /* confdefs.h.  */
| #define PACKAGE_NAME ""
| #define PACKAGE_TARNAME ""
| #define PACKAGE_VERSION ""
| #define PACKAGE_STRING ""
| #define PACKAGE_BUGREPORT ""
| #define PACKAGE "fluidsynth"
| #define VERSION "1.0.9"
| #define STDC_HEADERS 1
| #define HAVE_SYS_TYPES_H 1
| #define HAVE_SYS_STAT_H 1
| #define HAVE_STDLIB_H 1
| #define HAVE_STRING_H 1
| #define HAVE_MEMORY_H 1
| #define HAVE_STRINGS_H 1
| #define HAVE_INTTYPES_H 1
| #define HAVE_STDINT_H 1
| #define HAVE_UNISTD_H 1
| #define HAVE_DLFCN_H 1
| #define LT_OBJDIR ".libs/"
| #define STDC_HEADERS 1
| #define HAVE_STRING_H 1
| #define HAVE_STDLIB_H 1
| #define HAVE_STDIO_H 1
| #define HAVE_MATH_H 1
| #define HAVE_ERRNO_H 1
| #define HAVE_STDARG_H 1
| #define HAVE_UNISTD_H 1
| #define HAVE_SYS_MMAN_H 1
| #define HAVE_SYS_TYPES_H 1
| #define HAVE_SYS_TIME_H 1
| #define HAVE_SYS_STAT_H 1
| #define HAVE_FCNTL_H 1
| #define HAVE_SYS_SOCKET_H 1
| #define HAVE_NETINET_IN_H 1
| #define HAVE_NETINET_TCP_H 1
| #define HAVE_ARPA_INET_H 1
| #define HAVE_LIMITS_H 1
| #define HAVE_PTHREAD_H 1
| #define HAVE_SIGNAL_H 1
| #define WITH_FLOAT 1
| #define DEBUG 0
| /* end confdefs.h.  */
| #include <stdio.h>
| #ifdef HAVE_SYS_TYPES_H
| # include <sys/types.h>
| #endif
| #ifdef HAVE_SYS_STAT_H
| # include <sys/stat.h>
| #endif
| #ifdef STDC_HEADERS
| # include <stdlib.h>
| # include <stddef.h>
| #else
| # ifdef HAVE_STDLIB_H
| #  include <stdlib.h>
| # endif
| #endif
| #ifdef HAVE_STRING_H
| # if !defined STDC_HEADERS && defined HAVE_MEMORY_H
| #  include <memory.h>
| # endif
| # include <string.h>
| #endif
| #ifdef HAVE_STRINGS_H
| # include <strings.h>
| #endif
| #ifdef HAVE_INTTYPES_H
| # include <inttypes.h>
| #endif
| #ifdef HAVE_STDINT_H
| # include <stdint.h>
| #endif
| #ifdef HAVE_UNISTD_H
| # include <unistd.h>
| #endif
| #include <CoreAudio/AudioHardware.h>
configure:13410: result: no
configure:13414: checking CoreAudio/AudioHardware.h presence
configure:13429: arm-unknown-nto-qnx6.5.0eabi-gcc -E  conftest.c
conftest.c:44:37: error: CoreAudio/AudioHardware.h: No such file or directory
configure:13435: $? = 1
configure: failed program was:
| /* confdefs.h.  */
| #define PACKAGE_NAME ""
| #define PACKAGE_TARNAME ""
| #define PACKAGE_VERSION ""
| #define PACKAGE_STRING ""
| #define PACKAGE_BUGREPORT ""
| #define PACKAGE "fluidsynth"
| #define VERSION "1.0.9"
| #define STDC_HEADERS 1
| #define HAVE_SYS_TYPES_H 1
| #define HAVE_SYS_STAT_H 1
| #define HAVE_STDLIB_H 1
| #define HAVE_STRING_H 1
| #define HAVE_MEMORY_H 1
| #define HAVE_STRINGS_H 1
| #define HAVE_INTTYPES_H 1
| #define HAVE_STDINT_H 1
| #define HAVE_UNISTD_H 1
| #define HAVE_DLFCN_H 1
| #define LT_OBJDIR ".libs/"
| #define STDC_HEADERS 1
| #define HAVE_STRING_H 1
| #define HAVE_STDLIB_H 1
| #define HAVE_STDIO_H 1
| #define HAVE_MATH_H 1
| #define HAVE_ERRNO_H 1
| #define HAVE_STDARG_H 1
| #define HAVE_UNISTD_H 1
| #define HAVE_SYS_MMAN_H 1
| #define HAVE_SYS_TYPES_H 1
| #define HAVE_SYS_TIME_H 1
| #define HAVE_SYS_STAT_H 1
| #define HAVE_FCNTL_H 1
| #define HAVE_SYS_SOCKET_H 1
| #define HAVE_NETINET_IN_H 1
| #define HAVE_NETINET_TCP_H 1
| #define HAVE_ARPA_INET_H 1
| #define HAVE_LIMITS_H 1
| #define HAVE_PTHREAD_H 1
| #define HAVE_SIGNAL_H 1
| #define WITH_FLOAT 1
| #define DEBUG 0
| /* end confdefs.h.  */
| #include <CoreAudio/AudioHardware.h>
configure:13449: result: no
configure:13477: checking for CoreAudio/AudioHardware.h
configure:13484: result: no
configure:13534: checking CoreMIDI/MIDIServices.h usability
configure:13551: arm-unknown-nto-qnx6.5.0eabi-gcc -c  -Wall  -O2 -fomit-frame-pointer -funroll-all-loops -finline-functions -Wall -W -Wpointer-arith -Wbad-function-cast -Wcast-qual -Wcast-align -Wstrict-prototypes -Wno-unused -Winline  conftest.c >&5
conftest.c:77:35: error: CoreMIDI/MIDIServices.h: No such file or directory
configure:13557: $? = 1
configure: failed program was:
| /* confdefs.h.  */
| #define PACKAGE_NAME ""
| #define PACKAGE_TARNAME ""
| #define PACKAGE_VERSION ""
| #define PACKAGE_STRING ""
| #define PACKAGE_BUGREPORT ""
| #define PACKAGE "fluidsynth"
| #define VERSION "1.0.9"
| #define STDC_HEADERS 1
| #define HAVE_SYS_TYPES_H 1
| #define HAVE_SYS_STAT_H 1
| #define HAVE_STDLIB_H 1
| #define HAVE_STRING_H 1
| #define HAVE_MEMORY_H 1
| #define HAVE_STRINGS_H 1
| #define HAVE_INTTYPES_H 1
| #define HAVE_STDINT_H 1
| #define HAVE_UNISTD_H 1
| #define HAVE_DLFCN_H 1
| #define LT_OBJDIR ".libs/"
| #define STDC_HEADERS 1
| #define HAVE_STRING_H 1
| #define HAVE_STDLIB_H 1
| #define HAVE_STDIO_H 1
| #define HAVE_MATH_H 1
| #define HAVE_ERRNO_H 1
| #define HAVE_STDARG_H 1
| #define HAVE_UNISTD_H 1
| #define HAVE_SYS_MMAN_H 1
| #define HAVE_SYS_TYPES_H 1
| #define HAVE_SYS_TIME_H 1
| #define HAVE_SYS_STAT_H 1
| #define HAVE_FCNTL_H 1
| #define HAVE_SYS_SOCKET_H 1
| #define HAVE_NETINET_IN_H 1
| #define HAVE_NETINET_TCP_H 1
| #define HAVE_ARPA_INET_H 1
| #define HAVE_LIMITS_H 1
| #define HAVE_PTHREAD_H 1
| #define HAVE_SIGNAL_H 1
| #define WITH_FLOAT 1
| #define DEBUG 0
| /* end confdefs.h.  */
| #include <stdio.h>
| #ifdef HAVE_SYS_TYPES_H
| # include <sys/types.h>
| #endif
| #ifdef HAVE_SYS_STAT_H
| # include <sys/stat.h>
| #endif
| #ifdef STDC_HEADERS
| # include <stdlib.h>
| # include <stddef.h>
| #else
| # ifdef HAVE_STDLIB_H
| #  include <stdlib.h>
| # endif
| #endif
| #ifdef HAVE_STRING_H
| # if !defined STDC_HEADERS && defined HAVE_MEMORY_H
| #  include <memory.h>
| # endif
| # include <string.h>
| #endif
| #ifdef HAVE_STRINGS_H
| # include <strings.h>
| #endif
| #ifdef HAVE_INTTYPES_H
| # include <inttypes.h>
| #endif
| #ifdef HAVE_STDINT_H
| # include <stdint.h>
| #endif
| #ifdef HAVE_UNISTD_H
| # include <unistd.h>
| #endif
| #include <CoreMIDI/MIDIServices.h>
configure:13571: result: no
configure:13575: checking CoreMIDI/MIDIServices.h presence
configure:13590: arm-unknown-nto-qnx6.5.0eabi-gcc -E  conftest.c
conftest.c:44:35: error: CoreMIDI/MIDIServices.h: No such file or directory
configure:13596: $? = 1
configure: failed program was:
| /* confdefs.h.  */
| #define PACKAGE_NAME ""
| #define PACKAGE_TARNAME ""
| #define PACKAGE_VERSION ""
| #define PACKAGE_STRING ""
| #define PACKAGE_BUGREPORT ""
| #define PACKAGE "fluidsynth"
| #define VERSION "1.0.9"
| #define STDC_HEADERS 1
| #define HAVE_SYS_TYPES_H 1
| #define HAVE_SYS_STAT_H 1
| #define HAVE_STDLIB_H 1
| #define HAVE_STRING_H 1
| #define HAVE_MEMORY_H 1
| #define HAVE_STRINGS_H 1
| #define HAVE_INTTYPES_H 1
| #define HAVE_STDINT_H 1
| #define HAVE_UNISTD_H 1
| #define HAVE_DLFCN_H 1
| #define LT_OBJDIR ".libs/"
| #define STDC_HEADERS 1
| #define HAVE_STRING_H 1
| #define HAVE_STDLIB_H 1
| #define HAVE_STDIO_H 1
| #define HAVE_MATH_H 1
| #define HAVE_ERRNO_H 1
| #define HAVE_STDARG_H 1
| #define HAVE_UNISTD_H 1
| #define HAVE_SYS_MMAN_H 1
| #define HAVE_SYS_TYPES_H 1
| #define HAVE_SYS_TIME_H 1
| #define HAVE_SYS_STAT_H 1
| #define HAVE_FCNTL_H 1
| #define HAVE_SYS_SOCKET_H 1
| #define HAVE_NETINET_IN_H 1
| #define HAVE_NETINET_TCP_H 1
| #define HAVE_ARPA_INET_H 1
| #define HAVE_LIMITS_H 1
| #define HAVE_PTHREAD_H 1
| #define HAVE_SIGNAL_H 1
| #define WITH_FLOAT 1
| #define DEBUG 0
| /* end confdefs.h.  */
| #include <CoreMIDI/MIDIServices.h>
configure:13610: result: no
configure:13638: checking for CoreMIDI/MIDIServices.h
configure:13645: result: no
configure:13694: checking os2me.h usability
configure:13711: arm-unknown-nto-qnx6.5.0eabi-gcc -c  -Wall  -O2 -fomit-frame-pointer -funroll-all-loops -finline-functions -Wall -W -Wpointer-arith -Wbad-function-cast -Wcast-qual -Wcast-align -Wstrict-prototypes -Wno-unused -Winline  conftest.c >&5
conftest.c:77:19: error: os2me.h: No such file or directory
configure:13717: $? = 1
configure: failed program was:
| /* confdefs.h.  */
| #define PACKAGE_NAME ""
| #define PACKAGE_TARNAME ""
| #define PACKAGE_VERSION ""
| #define PACKAGE_STRING ""
| #define PACKAGE_BUGREPORT ""
| #define PACKAGE "fluidsynth"
| #define VERSION "1.0.9"
| #define STDC_HEADERS 1
| #define HAVE_SYS_TYPES_H 1
| #define HAVE_SYS_STAT_H 1
| #define HAVE_STDLIB_H 1
| #define HAVE_STRING_H 1
| #define HAVE_MEMORY_H 1
| #define HAVE_STRINGS_H 1
| #define HAVE_INTTYPES_H 1
| #define HAVE_STDINT_H 1
| #define HAVE_UNISTD_H 1
| #define HAVE_DLFCN_H 1
| #define LT_OBJDIR ".libs/"
| #define STDC_HEADERS 1
| #define HAVE_STRING_H 1
| #define HAVE_STDLIB_H 1
| #define HAVE_STDIO_H 1
| #define HAVE_MATH_H 1
| #define HAVE_ERRNO_H 1
| #define HAVE_STDARG_H 1
| #define HAVE_UNISTD_H 1
| #define HAVE_SYS_MMAN_H 1
| #define HAVE_SYS_TYPES_H 1
| #define HAVE_SYS_TIME_H 1
| #define HAVE_SYS_STAT_H 1
| #define HAVE_FCNTL_H 1
| #define HAVE_SYS_SOCKET_H 1
| #define HAVE_NETINET_IN_H 1
| #define HAVE_NETINET_TCP_H 1
| #define HAVE_ARPA_INET_H 1
| #define HAVE_LIMITS_H 1
| #define HAVE_PTHREAD_H 1
| #define HAVE_SIGNAL_H 1
| #define WITH_FLOAT 1
| #define DEBUG 0
| /* end confdefs.h.  */
| #include <stdio.h>
| #ifdef HAVE_SYS_TYPES_H
| # include <sys/types.h>
| #endif
| #ifdef HAVE_SYS_STAT_H
| # include <sys/stat.h>
| #endif
| #ifdef STDC_HEADERS
| # include <stdlib.h>
| # include <stddef.h>
| #else
| # ifdef HAVE_STDLIB_H
| #  include <stdlib.h>
| # endif
| #endif
| #ifdef HAVE_STRING_H
| # if !defined STDC_HEADERS && defined HAVE_MEMORY_H
| #  include <memory.h>
| # endif
| # include <string.h>
| #endif
| #ifdef HAVE_STRINGS_H
| # include <strings.h>
| #endif
| #ifdef HAVE_INTTYPES_H
| # include <inttypes.h>
| #endif
| #ifdef HAVE_STDINT_H
| # include <stdint.h>
| #endif
| #ifdef HAVE_UNISTD_H
| # include <unistd.h>
| #endif
| #include <os2me.h>
configure:13731: result: no
configure:13735: checking os2me.h presence
configure:13750: arm-unknown-nto-qnx6.5.0eabi-gcc -E  conftest.c
conftest.c:44:19: error: os2me.h: No such file or directory
configure:13756: $? = 1
configure: failed program was:
| /* confdefs.h.  */
| #define PACKAGE_NAME ""
| #define PACKAGE_TARNAME ""
| #define PACKAGE_VERSION ""
| #define PACKAGE_STRING ""
| #define PACKAGE_BUGREPORT ""
| #define PACKAGE "fluidsynth"
| #define VERSION "1.0.9"
| #define STDC_HEADERS 1
| #define HAVE_SYS_TYPES_H 1
| #define HAVE_SYS_STAT_H 1
| #define HAVE_STDLIB_H 1
| #define HAVE_STRING_H 1
| #define HAVE_MEMORY_H 1
| #define HAVE_STRINGS_H 1
| #define HAVE_INTTYPES_H 1
| #define HAVE_STDINT_H 1
| #define HAVE_UNISTD_H 1
| #define HAVE_DLFCN_H 1
| #define LT_OBJDIR ".libs/"
| #define STDC_HEADERS 1
| #define HAVE_STRING_H 1
| #define HAVE_STDLIB_H 1
| #define HAVE_STDIO_H 1
| #define HAVE_MATH_H 1
| #define HAVE_ERRNO_H 1
| #define HAVE_STDARG_H 1
| #define HAVE_UNISTD_H 1
| #define HAVE_SYS_MMAN_H 1
| #define HAVE_SYS_TYPES_H 1
| #define HAVE_SYS_TIME_H 1
| #define HAVE_SYS_STAT_H 1
| #define HAVE_FCNTL_H 1
| #define HAVE_SYS_SOCKET_H 1
| #define HAVE_NETINET_IN_H 1
| #define HAVE_NETINET_TCP_H 1
| #define HAVE_ARPA_INET_H 1
| #define HAVE_LIMITS_H 1
| #define HAVE_PTHREAD_H 1
| #define HAVE_SIGNAL_H 1
| #define WITH_FLOAT 1
| #define DEBUG 0
| /* end confdefs.h.  */
| #include <os2me.h>
configure:13770: result: no
configure:13798: checking for os2me.h
configure:13805: result: no
configure:13868: checking for readline
configure:13913: arm-unknown-nto-qnx6.5.0eabi-gcc -c   -Wall  -O2 -fomit-frame-pointer -funroll-all-loops -finline-functions -Wall -W -Wpointer-arith -Wbad-function-cast -Wcast-qual -Wcast-align -Wstrict-prototypes -Wno-unused -Winline  conftest.c >&5
conftest.c:46:31: error: readline/readline.h: No such file or directory
conftest.c:50: warning: function declaration isn't a prototype
configure:13919: $? = 1
configure: failed program was:
| /* confdefs.h.  */
| #define PACKAGE_NAME ""
| #define PACKAGE_TARNAME ""
| #define PACKAGE_VERSION ""
| #define PACKAGE_STRING ""
| #define PACKAGE_BUGREPORT ""
| #define PACKAGE "fluidsynth"
| #define VERSION "1.0.9"
| #define STDC_HEADERS 1
| #define HAVE_SYS_TYPES_H 1
| #define HAVE_SYS_STAT_H 1
| #define HAVE_STDLIB_H 1
| #define HAVE_STRING_H 1
| #define HAVE_MEMORY_H 1
| #define HAVE_STRINGS_H 1
| #define HAVE_INTTYPES_H 1
| #define HAVE_STDINT_H 1
| #define HAVE_UNISTD_H 1
| #define HAVE_DLFCN_H 1
| #define LT_OBJDIR ".libs/"
| #define STDC_HEADERS 1
| #define HAVE_STRING_H 1
| #define HAVE_STDLIB_H 1
| #define HAVE_STDIO_H 1
| #define HAVE_MATH_H 1
| #define HAVE_ERRNO_H 1
| #define HAVE_STDARG_H 1
| #define HAVE_UNISTD_H 1
| #define HAVE_SYS_MMAN_H 1
| #define HAVE_SYS_TYPES_H 1
| #define HAVE_SYS_TIME_H 1
| #define HAVE_SYS_STAT_H 1
| #define HAVE_FCNTL_H 1
| #define HAVE_SYS_SOCKET_H 1
| #define HAVE_NETINET_IN_H 1
| #define HAVE_NETINET_TCP_H 1
| #define HAVE_ARPA_INET_H 1
| #define HAVE_LIMITS_H 1
| #define HAVE_PTHREAD_H 1
| #define HAVE_SIGNAL_H 1
| #define WITH_FLOAT 1
| #define DEBUG 0
| /* end confdefs.h.  */
| 
| #include <stdio.h>
| #include <readline/readline.h>
| 
| int
| main ()
| {
| 
| #ifndef readline
|    return (1);
| #else
|    return (0);
| #endif
| 
|   ;
|   return 0;
| }
configure:13930: result: not present.
configure:14152: checking for LADCCA
configure:14438: creating ./config.status

## ---------------------- ##
## Running config.status. ##
## ---------------------- ##

This file was extended by config.status, which was
generated by GNU Autoconf 2.61.  Invocation command line was

  CONFIG_FILES    = 
  CONFIG_HEADERS  = 
  CONFIG_LINKS    = 
  CONFIG_COMMANDS = 
  $ ./config.status 

on cow

config.status:913: creating Makefile
config.status:913: creating macbuild/Makefile
config.status:913: creating sf2/Makefile
config.status:913: creating winbuild/Makefile
config.status:913: creating winbuild/fluidsynth/Makefile
config.status:913: creating winbuild/fluidsynth_dll/Makefile
config.status:913: creating winbuild/fluidsynth_lib/Makefile
config.status:913: creating src/Makefile
config.status:913: creating src/config_win32.h
config.status:913: creating doc/Makefile
config.status:913: creating include/Makefile
config.status:913: creating include/fluidsynth/Makefile
config.status:913: creating include/fluidsynth/version.h
config.status:913: creating fluidsynth.pc
config.status:913: creating fluidsynth.spec
config.status:913: creating src/config.h
config.status:1210: executing depfiles commands
config.status:1210: executing libtool commands

## ---------------- ##
## Cache variables. ##
## ---------------- ##

ac_cv_build=x86_64-unknown-linux-gnu
ac_cv_c_bigendian=no
ac_cv_c_compiler_gnu=yes
ac_cv_c_inline=inline
ac_cv_env_ALSA_CFLAGS_set=
ac_cv_env_ALSA_CFLAGS_value=
ac_cv_env_ALSA_LIBS_set=
ac_cv_env_ALSA_LIBS_value=
ac_cv_env_CC_set=
ac_cv_env_CC_value=
ac_cv_env_CFLAGS_set=
ac_cv_env_CFLAGS_value=
ac_cv_env_CPPFLAGS_set=
ac_cv_env_CPPFLAGS_value=
ac_cv_env_CPP_set=
ac_cv_env_CPP_value=
ac_cv_env_JACK_CFLAGS_set=
ac_cv_env_JACK_CFLAGS_value=
ac_cv_env_JACK_LIBS_set=
ac_cv_env_JACK_LIBS_value=
ac_cv_env_LADCCA_CFLAGS_set=
ac_cv_env_LADCCA_CFLAGS_value=
ac_cv_env_LADCCA_LIBS_set=
ac_cv_env_LADCCA_LIBS_value=
ac_cv_env_LASH_CFLAGS_set=
ac_cv_env_LASH_CFLAGS_value=
ac_cv_env_LASH_LIBS_set=
ac_cv_env_LASH_LIBS_value=
ac_cv_env_LDFLAGS_set=
ac_cv_env_LDFLAGS_value=
ac_cv_env_LIBS_set=
ac_cv_env_LIBS_value=
ac_cv_env_PKG_CONFIG_set=
ac_cv_env_PKG_CONFIG_value=
ac_cv_env_PORTAUDIO_CFLAGS_set=
ac_cv_env_PORTAUDIO_CFLAGS_value=
ac_cv_env_PORTAUDIO_LIBS_set=
ac_cv_env_PORTAUDIO_LIBS_value=
ac_cv_env_PULSE_CFLAGS_set=
ac_cv_env_PULSE_CFLAGS_value=
ac_cv_env_PULSE_LIBS_set=
ac_cv_env_PULSE_LIBS_value=
ac_cv_env_build_alias_set=
ac_cv_env_build_alias_value=
ac_cv_env_host_alias_set=set
ac_cv_env_host_alias_value=arm-unknown-nto-qnx6.5.0eabi
ac_cv_env_target_alias_set=
ac_cv_env_target_alias_value=
ac_cv_header_CoreAudio_AudioHardware_h=no
ac_cv_header_CoreMIDI_MIDIServices_h=no
ac_cv_header_MidiShare_h=no
ac_cv_header_arpa_inet_h=yes
ac_cv_header_dlfcn_h=yes
ac_cv_header_errno_h=yes
ac_cv_header_fcntl_h=yes
ac_cv_header_inttypes_h=yes
ac_cv_header_limits_h=yes
ac_cv_header_math_h=yes
ac_cv_header_memory_h=yes
ac_cv_header_netinet_in_h=yes
ac_cv_header_netinet_tcp_h=yes
ac_cv_header_os2me_h=no
ac_cv_header_pthread_h=yes
ac_cv_header_signal_h=yes
ac_cv_header_stdarg_h=yes
ac_cv_header_stdc=yes
ac_cv_header_stdint_h=yes
ac_cv_header_stdio_h=yes
ac_cv_header_stdlib_h=yes
ac_cv_header_string_h=yes
ac_cv_header_strings_h=yes
ac_cv_header_sys_mman_h=yes
ac_cv_header_sys_socket_h=yes
ac_cv_header_sys_stat_h=yes
ac_cv_header_sys_time_h=yes
ac_cv_header_sys_types_h=yes
ac_cv_header_unistd_h=yes
ac_cv_header_windows_h=no
ac_cv_host=arm-unknown-nto-qnx6.5.0eabi
ac_cv_lib_pthread_pthread_create=no
ac_cv_objext=o
ac_cv_path_EGREP='/usr/bin/grep -E'
ac_cv_path_FGREP='/usr/bin/grep -F'
ac_cv_path_GREP=/usr/bin/grep
ac_cv_path_SED=/bin/sed
ac_cv_path_install='/usr/bin/install -c'
ac_cv_path_mkdir=/bin/mkdir
ac_cv_prog_AR=arm-unknown-nto-qnx6.5.0eabi-ar
ac_cv_prog_AWK=gawk
ac_cv_prog_CC=arm-unknown-nto-qnx6.5.0eabi-gcc
ac_cv_prog_CPP='arm-unknown-nto-qnx6.5.0eabi-gcc -E'
ac_cv_prog_RANLIB=arm-unknown-nto-qnx6.5.0eabi-ranlib
ac_cv_prog_STRIP=arm-unknown-nto-qnx6.5.0eabi-strip
ac_cv_prog_cc_arm_unknown_nto_qnx6_5_0eabi_gcc_c_o=yes
ac_cv_prog_cc_c89=
ac_cv_prog_cc_g=yes
ac_cv_prog_make_make_set=yes
am_cv_CC_dependencies_compiler_type=gcc3
lt_cv_deplibs_check_method=pass_all
lt_cv_file_magic_cmd='$MAGIC_CMD'
lt_cv_file_magic_test_file=
lt_cv_ld_reload_flag=-r
lt_cv_nm_interface='BSD nm'
lt_cv_objdir=.libs
lt_cv_path_LD=/hddhome/joshua/bbndk-2.0.1/host/linux/x86/usr/bin/ntoarm-ld
lt_cv_path_NM='/hddhome/joshua/bbndk-2.0.1/host/linux/x86/usr/bin/arm-unknown-nto-qnx6.5.0eabi-nm -B'
lt_cv_prog_compiler_c_o=yes
lt_cv_prog_compiler_pic_works=yes
lt_cv_prog_compiler_rtti_exceptions=no
lt_cv_prog_compiler_static_works=yes
lt_cv_prog_gnu_ld=yes
lt_cv_sys_global_symbol_pipe='sed -n -e '\''s/^.*[	 ]\([ABCDGIRSTW][ABCDGIRSTW]*\)[	 ][	 ]*\([_A-Za-z][_A-Za-z0-9]*\)$/\1 \2 \2/p'\'''
lt_cv_sys_global_symbol_to_c_name_address='sed -n -e '\''s/^: \([^ ]*\) $/  {\"\1\", (void *) 0},/p'\'' -e '\''s/^[ABCDGIRSTW]* \([^ ]*\) \([^ ]*\)$/  {"\2", (void *) \&\2},/p'\'''
lt_cv_sys_global_symbol_to_c_name_address_lib_prefix='sed -n -e '\''s/^: \([^ ]*\) $/  {\"\1\", (void *) 0},/p'\'' -e '\''s/^[ABCDGIRSTW]* \([^ ]*\) \(lib[^ ]*\)$/  {"\2", (void *) \&\2},/p'\'' -e '\''s/^[ABCDGIRSTW]* \([^ ]*\) \([^ ]*\)$/  {"lib\2", (void *) \&\2},/p'\'''
lt_cv_sys_global_symbol_to_cdecl='sed -n -e '\''s/^T .* \(.*\)$/extern int \1();/p'\'' -e '\''s/^[ABCDGIRSTW]* .* \(.*\)$/extern char \1;/p'\'''
lt_cv_sys_max_cmd_len=1572864

## ----------------- ##
## Output variables. ##
## ----------------- ##

ACLOCAL='${SHELL} /home/joshua/git/live/3rd-fluidsynth/missing --run aclocal-1.10'
ALSA_CFLAGS=''
ALSA_LIBS=''
ALSA_SUPPORT_FALSE=''
ALSA_SUPPORT_TRUE='#'
AMDEPBACKSLASH='\'
AMDEP_FALSE='#'
AMDEP_TRUE=''
AMTAR='${SHELL} /home/joshua/git/live/3rd-fluidsynth/missing --run tar'
AR='arm-unknown-nto-qnx6.5.0eabi-ar'
AS='as'
AUTOCONF='${SHELL} /home/joshua/git/live/3rd-fluidsynth/missing --run autoconf'
AUTOHEADER='${SHELL} /home/joshua/git/live/3rd-fluidsynth/missing --run autoheader'
AUTOMAKE='${SHELL} /home/joshua/git/live/3rd-fluidsynth/missing --run automake-1.10'
AWK='gawk'
CC='arm-unknown-nto-qnx6.5.0eabi-gcc'
CCDEPMODE='depmode=gcc3'
CFLAGS=' -Wall  -O2 -fomit-frame-pointer -funroll-all-loops -finline-functions -Wall -W -Wpointer-arith -Wbad-function-cast -Wcast-qual -Wcast-align -Wstrict-prototypes -Wno-unused -Winline'
COREAUDIO_LIBS=''
COREAUDIO_SUPPORT_FALSE=''
COREAUDIO_SUPPORT_TRUE='#'
COREMIDI_LIBS=''
COREMIDI_SUPPORT_FALSE=''
COREMIDI_SUPPORT_TRUE='#'
CPP='arm-unknown-nto-qnx6.5.0eabi-gcc -E'
CPPFLAGS=''
CYGPATH_W='echo'
DART_CFLAGS=''
DART_LIBS=''
DART_SUPPORT_FALSE=''
DART_SUPPORT_TRUE='#'
DEFS='-DHAVE_CONFIG_H'
DEPDIR='.deps'
DLLTOOL='dlltool'
DSYMUTIL=''
DUMPBIN=''
ECHO_C=''
ECHO_N='-n'
ECHO_T=''
EGREP='/usr/bin/grep -E'
EXEEXT=''
FGREP='/usr/bin/grep -F'
FLUIDSYNTH_VERSION='"1.0.9"'
FLUIDSYNTH_VERSION_MAJOR='1'
FLUIDSYNTH_VERSION_MICRO='9'
FLUIDSYNTH_VERSION_MINOR='0'
FLUID_CPPFLAGS=''
GREP='/usr/bin/grep'
INSTALL_DATA='${INSTALL} -m 644'
INSTALL_PROGRAM='${INSTALL}'
INSTALL_SCRIPT='${INSTALL}'
INSTALL_STRIP_PROGRAM='$(install_sh) -c -s'
JACK_CFLAGS=''
JACK_LIBS=''
JACK_SUPPORT_FALSE=''
JACK_SUPPORT_TRUE='#'
LADCCA_CFLAGS=''
LADCCA_LIBS=''
LADCCA_SUPPORT_FALSE=''
LADCCA_SUPPORT_TRUE='#'
LASH_CFLAGS=''
LASH_LIBS=''
LASH_SUPPORT_FALSE=''
LASH_SUPPORT_TRUE='#'
LD='/hddhome/joshua/bbndk-2.0.1/host/linux/x86/usr/bin/ntoarm-ld'
LDFLAGS=''
LIBFLUID_CPPFLAGS=''
LIBFLUID_LDFLAGS=''
LIBFLUID_LIBS='-lm'
LIBOBJS=''
LIBS=''
LIBTOOL='$(SHELL) $(top_builddir)/libtool'
LIPO=''
LN_S='ln -s'
LTLIBOBJS=''
LT_VERSION_INFO='2:3:1'
MAKEINFO='${SHELL} /home/joshua/git/live/3rd-fluidsynth/missing --run makeinfo'
MINGW32_SUPPORT_FALSE=''
MINGW32_SUPPORT_TRUE='#'
NM='/hddhome/joshua/bbndk-2.0.1/host/linux/x86/usr/bin/arm-unknown-nto-qnx6.5.0eabi-nm -B'
NMEDIT=''
OBJDUMP='objdump'
OBJEXT='o'
OSS_SUPPORT_FALSE=''
OSS_SUPPORT_TRUE='#'
OTOOL64=''
OTOOL=''
PACKAGE='fluidsynth'
PACKAGE_BUGREPORT=''
PACKAGE_NAME=''
PACKAGE_STRING=''
PACKAGE_TARNAME=''
PACKAGE_VERSION=''
PATH_SEPARATOR=':'
PKG_CONFIG=''
PORTAUDIO_CFLAGS=''
PORTAUDIO_LIBS=''
PORTAUDIO_SUPPORT_FALSE=''
PORTAUDIO_SUPPORT_TRUE='#'
PULSE_CFLAGS=''
PULSE_LIBS=''
PULSE_SUPPORT_FALSE=''
PULSE_SUPPORT_TRUE='#'
RANLIB='arm-unknown-nto-qnx6.5.0eabi-ranlib'
READLINE_CFLAGS=''
READLINE_LIBS=''
SED='/bin/sed'
SET_MAKE=''
SHELL='/bin/sh'
STRIP='arm-unknown-nto-qnx6.5.0eabi-strip'
VERSION='1.0.9'
ac_ct_CC=''
ac_ct_DUMPBIN=''
am__fastdepCC_FALSE='#'
am__fastdepCC_TRUE=''
am__include='include'
am__isrc=''
am__leading_dot='.'
am__quote=''
am__tar='${AMTAR} chof - "$$tardir"'
am__untar='${AMTAR} xf -'
bindir='${exec_prefix}/bin'
build='x86_64-unknown-linux-gnu'
build_alias=''
build_cpu='x86_64'
build_os='linux-gnu'
build_vendor='unknown'
datadir='${datarootdir}'
datarootdir='${prefix}/share'
docdir='${datarootdir}/doc/${PACKAGE}'
dvidir='${docdir}'
exec_prefix='${prefix}'
host='arm-unknown-nto-qnx6.5.0eabi'
host_alias='arm-unknown-nto-qnx6.5.0eabi'
host_cpu='arm'
host_os='nto-qnx6.5.0eabi'
host_vendor='unknown'
htmldir='${docdir}'
includedir='${prefix}/include'
infodir='${datarootdir}/info'
install_sh='$(SHELL) /home/joshua/git/live/3rd-fluidsynth/install-sh'
libdir='${exec_prefix}/lib'
libexecdir='${exec_prefix}/libexec'
localedir='${datarootdir}/locale'
localstatedir='${prefix}/var'
lt_ECHO='echo'
mandir='${datarootdir}/man'
mkdir_p='/bin/mkdir -p'
oldincludedir='/usr/include'
pdfdir='${docdir}'
prefix='/usr/local'
program_transform_name='s,x,x,'
psdir='${docdir}'
sbindir='${exec_prefix}/sbin'
sharedstatedir='${prefix}/com'
sysconfdir='${prefix}/etc'
target_alias=''

## ----------- ##
## confdefs.h. ##
## ----------- ##

#define PACKAGE_NAME ""
#define PACKAGE_TARNAME ""
#define PACKAGE_VERSION ""
#define PACKAGE_STRING ""
#define PACKAGE_BUGREPORT ""
#define PACKAGE "fluidsynth"
#define VERSION "1.0.9"
#define STDC_HEADERS 1
#define HAVE_SYS_TYPES_H 1
#define HAVE_SYS_STAT_H 1
#define HAVE_STDLIB_H 1
#define HAVE_STRING_H 1
#define HAVE_MEMORY_H 1
#define HAVE_STRINGS_H 1
#define HAVE_INTTYPES_H 1
#define HAVE_STDINT_H 1
#define HAVE_UNISTD_H 1
#define HAVE_DLFCN_H 1
#define LT_OBJDIR ".libs/"
#define STDC_HEADERS 1
#define HAVE_STRING_H 1
#define HAVE_STDLIB_H 1
#define HAVE_STDIO_H 1
#define HAVE_MATH_H 1
#define HAVE_ERRNO_H 1
#define HAVE_STDARG_H 1
#define HAVE_UNISTD_H 1
#define HAVE_SYS_MMAN_H 1
#define HAVE_SYS_TYPES_H 1
#define HAVE_SYS_TIME_H 1
#define HAVE_SYS_STAT_H 1
#define HAVE_FCNTL_H 1
#define HAVE_SYS_SOCKET_H 1
#define HAVE_NETINET_IN_H 1
#define HAVE_NETINET_TCP_H 1
#define HAVE_ARPA_INET_H 1
#define HAVE_LIMITS_H 1
#define HAVE_PTHREAD_H 1
#define HAVE_SIGNAL_H 1
#define WITH_FLOAT 1
#define DEBUG 0

configure: exit 0
